<?xml version="1.0" encoding="UTF-8"?>
<!-- Generated by org.testng.reporters.JUnitReportReporter -->
<testsuite hostname="DESKTOP-PKDABCC" failures="0" tests="1" name="tests.SignUpTest" time="14.214" errors="0" timestamp="13 Apr 2025 13:29:26 GMT" skipped="0">
  <testcase classname="tests.SignUpTest" name="signUpTest" time="14.214"/>
</testsuite> <!-- tests.SignUpTest -->
