<?xml version="1.0" encoding="UTF-8"?>
<!-- Generated by org.testng.reporters.JUnitReportReporter -->
<testsuite hostname="DESKTOP-PKDABCC" failures="0" tests="1" name="tests.LoginTest" time="1.184" errors="0" timestamp="13 Apr 2025 13:29:26 GMT" skipped="0">
  <testcase classname="tests.LoginTest" name="loginTest" time="1.184"/>
</testsuite> <!-- tests.LoginTest -->
