<?xml version="1.0" encoding="UTF-8"?>
<!-- Generated by org.testng.reporters.JUnitReportReporter -->
<testsuite hostname="DESKTOP-PKDABCC" failures="0" tests="1" name="tests.DeleteBookTest" time="0.761" errors="0" timestamp="13 Apr 2025 13:29:26 GMT" skipped="0">
  <testcase classname="tests.DeleteBookTest" name="deleteBookTest" time="0.761"/>
</testsuite> <!-- tests.DeleteBookTest -->
